<?xml version="1.0" encoding="UTF-8"?>
<testsuite xmlns:xsi="http://www.w3.org/2001/XMLSchema-instance" xsi:noNamespaceSchemaLocation="https://maven.apache.org/surefire/maven-surefire-plugin/xsd/surefire-test-report-3.0.xsd" version="3.0" name="com.carbon.common.security.PreAuthorizeIntegrationTest" time="5.22" tests="5" errors="0" skipped="0" failures="0">
  <properties>
[...]
</properties>
  <testcase name="withoutQuotaAuthority_shouldBeDenied" classname="com.carbon.common.security.PreAuthorizeIntegrationTest" time="0.103">
    <system-out><![CDATA[
  .   ____          _            __ _ _
 /\\ / ___'_ __ _ _(_)_ __  __ _ \ \ \ \
( ( )\___ | '_ | '_| | '_ \/ _` | \ \ \ \
 \\/  ___)| |_)| | | | | || (_| |  ) ) ) )
  '  |____| .__|_| |_|_| |_\__, | / / / /
 =========|_|==============|___/=/_/_/_/
 :: Spring Boot ::                (v3.2.5)

2026-06-12T12:01:31.213+08:00  INFO 42635 --- [           main] c.c.c.s.PreAuthorizeIntegrationTest      : Starting PreAuthorizeIntegrationTest using Java 17.0.19 with PID 42635 (started by paul in /Users/paul/WorkSpace/TestSoloCoder/80b86226-8ba3-4948-affc-a059e2cc1a0c/common-lib)
2026-06-12T12:01:31.215+08:00  INFO 42635 --- [           main] c.c.c.s.PreAuthorizeIntegrationTest      : No active profile set, falling back to 1 default profile: "default"
2026-06-12T12:01:32.308+08:00  INFO 42635 --- [           main] .s.d.r.c.RepositoryConfigurationDelegate : Multiple Spring Data modules found, entering strict repository configuration mode
2026-06-12T12:01:32.310+08:00  INFO 42635 --- [           main] .s.d.r.c.RepositoryConfigurationDelegate : Bootstrapping Spring Data MongoDB repositories in DEFAULT mode.
2026-06-12T12:01:32.329+08:00  INFO 42635 --- [           main] .s.d.r.c.RepositoryConfigurationDelegate : Finished Spring Data repository scanning in 9 ms. Found 0 MongoDB repository interfaces.
2026-06-12T12:01:32.344+08:00  INFO 42635 --- [           main] .s.d.r.c.RepositoryConfigurationDelegate : Multiple Spring Data modules found, entering strict repository configuration mode
2026-06-12T12:01:32.345+08:00  INFO 42635 --- [           main] .s.d.r.c.RepositoryConfigurationDelegate : Bootstrapping Spring Data Redis repositories in DEFAULT mode.
2026-06-12T12:01:32.358+08:00  INFO 42635 --- [           main] .s.d.r.c.RepositoryConfigurationDelegate : Finished Spring Data repository scanning in 1 ms. Found 0 Redis repository interfaces.
2026-06-12T12:01:34.638+08:00  WARN 42635 --- [           main] .s.s.UserDetailsServiceAutoConfiguration : 

Using generated security password: 9c14cfbf-8442-417a-a0f4-601e293e3099

This generated password is for development use only. Your security configuration must be updated before running your application in production.

2026-06-12T12:01:34.926+08:00  INFO 42635 --- [           main] o.s.s.web.DefaultSecurityFilterChain     : Will secure any request with [org.springframework.security.web.session.DisableEncodeUrlFilter@3cd28235, org.springframework.security.web.context.request.async.WebAsyncManagerIntegrationFilter@75312c94, org.springframework.security.web.context.SecurityContextHolderFilter@1e0c898c, org.springframework.security.web.header.HeaderWriterFilter@7ee9920a, org.springframework.security.web.authentication.logout.LogoutFilter@4c05f83b, com.carbon.common.autoconfigure.CarbonCommonAutoConfiguration$JwtAuthHeaderForwardFilter@140cfc5f, org.springframework.security.web.savedrequest.RequestCacheAwareFilter@73bcd9b4, org.springframework.security.web.servletapi.SecurityContextHolderAwareRequestFilter@27aa7294, org.springframework.security.web.authentication.AnonymousAuthenticationFilter@6b063695, org.springframework.security.web.session.SessionManagementFilter@ff1a5a0, org.springframework.security.web.access.ExceptionTranslationFilter@3dc4ed6f, org.springframework.security.web.access.intercept.AuthorizationFilter@3a0b6aff]
2026-06-12T12:01:35.745+08:00  INFO 42635 --- [           main] o.s.b.t.m.w.SpringBootMockServletContext : Initializing Spring TestDispatcherServlet ''
2026-06-12T12:01:35.746+08:00  INFO 42635 --- [           main] o.s.t.web.servlet.TestDispatcherServlet  : Initializing Servlet ''
2026-06-12T12:01:35.747+08:00  INFO 42635 --- [           main] o.s.t.web.servlet.TestDispatcherServlet  : Completed initialization in 1 ms
2026-06-12T12:01:35.767+08:00  INFO 42635 --- [           main] c.c.c.s.PreAuthorizeIntegrationTest      : Started PreAuthorizeIntegrationTest in 4.737 seconds (process running for 5.376)
2026-06-12T12:01:35.820+08:00  WARN 42635 --- [           main] c.c.c.exception.GlobalExceptionHandler   : [AccessDenied] message=Access Denied, traceId=aaab8b936de54ba9a72807a79929b213
]]></system-out>
  </testcase>
  <testcase name="withQuotaAuthority_shouldBeAllowed" classname="com.carbon.common.security.PreAuthorizeIntegrationTest" time="0.007"/>
  <testcase name="wrongAuthority_shouldBeDenied" classname="com.carbon.common.security.PreAuthorizeIntegrationTest" time="0.005">
    <system-out><![CDATA[2026-06-12T12:01:35.891+08:00  WARN 42635 --- [           main] c.c.c.exception.GlobalExceptionHandler   : [AccessDenied] message=Access Denied, traceId=aaab8b936de54ba9a72807a79929b213
]]></system-out>
  </testcase>
  <testcase name="multipleAuthorities_shouldMatch" classname="com.carbon.common.security.PreAuthorizeIntegrationTest" time="0.007"/>
  <testcase name="missingIdentity_shouldReturn401" classname="com.carbon.common.security.PreAuthorizeIntegrationTest" time="0.005">
    <system-out><![CDATA[2026-06-12T12:01:35.903+08:00  WARN 42635 --- [           main] Configuration$JwtAuthHeaderForwardFilter : Missing required headers: X-Tenant-Id=null, X-User-Id=null, uri=/test-auth/quota-manage
]]></system-out>
  </testcase>
</testsuite>