<?xml version="1.0" encoding="UTF-8"?>
<testsuite xmlns:xsi="http://www.w3.org/2001/XMLSchema-instance" xsi:noNamespaceSchemaLocation="https://maven.apache.org/surefire/maven-surefire-plugin/xsd/surefire-test-report-3.0.xsd" version="3.0" name="com.wedding.suite.dto.DtoValidationTest" time="0.492" tests="9" errors="0" skipped="0" failures="0">
  <properties>
[...]
</properties>
  <testcase name="contractClauseRequest_missingTitleBody_violations" classname="com.wedding.suite.dto.DtoValidationTest" time="0.11">
    <system-out><![CDATA[12:42:20.450 [main] INFO org.hibernate.validator.internal.util.Version -- HV000001: Hibernate Validator 8.0.1.Final
]]></system-out>
  </testcase>
  <testcase name="contractSignRequest_invalidPhone_violation" classname="com.wedding.suite.dto.DtoValidationTest" time="0.008"/>
  <testcase name="contractUpdateRequest_negativeAmount_violation" classname="com.wedding.suite.dto.DtoValidationTest" time="0.001"/>
  <testcase name="contractSignRequest_longSigner_violation" classname="com.wedding.suite.dto.DtoValidationTest" time="0.001"/>
  <testcase name="contractUpdateRequest_emptyClauses_violation" classname="com.wedding.suite.dto.DtoValidationTest" time="0.01"/>
  <testcase name="contractSignRequest_valid_noViolations" classname="com.wedding.suite.dto.DtoValidationTest" time="0.002"/>
  <testcase name="contractSignRequest_missingRequired_violations" classname="com.wedding.suite.dto.DtoValidationTest" time="0.001"/>
  <testcase name="contractDraftRequest_negativeWeddingId_violation" classname="com.wedding.suite.dto.DtoValidationTest" time="0.006"/>
  <testcase name="contractDraftRequest_missingIds_violations" classname="com.wedding.suite.dto.DtoValidationTest" time="0.0"/>
</testsuite>