<?xml version="1.0" encoding="UTF-8"?>
<testsuite xmlns:xsi="http://www.w3.org/2001/XMLSchema-instance" xsi:noNamespaceSchemaLocation="https://maven.apache.org/surefire/maven-surefire-plugin/xsd/surefire-test-report-3.0.xsd" version="3.0" name="com.scriptkill.service.MatchingServiceTest" time="0.047" tests="3" errors="0" skipped="0" failures="0">
  <properties>
[...]
</properties>
  <testcase name="generateTop3Plans_Success" classname="com.scriptkill.service.MatchingServiceTest" time="0.042"/>
  <testcase name="generateTop3Plans_ScoreRange" classname="com.scriptkill.service.MatchingServiceTest" time="0.002"/>
  <testcase name="generateTop3Plans_NotEnoughCandidates_Exception" classname="com.scriptkill.service.MatchingServiceTest" time="0.001"/>
</testsuite>